<?xml version="1.0" encoding="UTF-8"?>
<testsuite xmlns:xsi="http://www.w3.org/2001/XMLSchema-instance" xsi:noNamespaceSchemaLocation="https://maven.apache.org/surefire/maven-surefire-plugin/xsd/surefire-test-report.xsd" name="TestSuite" time="14.17" tests="1" errors="0" skipped="0" failures="1">
  <properties>
    <property name="sun.desktop" value="windows"/>
    <property name="awt.toolkit" value="sun.awt.windows.WToolkit"/>
    <property name="file.encoding.pkg" value="sun.io"/>
    <property name="java.specification.version" value="1.8"/>
    <property name="sun.cpu.isalist" value="pentium_pro+mmx pentium_pro pentium+mmx pentium i486 i386 i86"/>
    <property name="sun.jnu.encoding" value="GBK"/>
    <property name="java.class.path" value="D:\java_workspace\senium-test\target\test-classes;D:\java_workspace\senium-test\target\classes;D:\m2\repository\org\testng\testng\6.13.1\testng-6.13.1.jar;D:\m2\repository\com\beust\jcommander\1.72\jcommander-1.72.jar;D:\m2\repository\org\apache\maven\reporting\maven-reporting-api\2.2.1\maven-reporting-api-2.2.1.jar;D:\m2\repository\org\apache\maven\doxia\doxia-sink-api\1.1\doxia-sink-api-1.1.jar;D:\m2\repository\org\apache\maven\doxia\doxia-logging-api\1.1\doxia-logging-api-1.1.jar;D:\m2\repository\org\codehaus\plexus\plexus-container-default\1.0-alpha-30\plexus-container-default-1.0-alpha-30.jar;D:\m2\repository\org\codehaus\plexus\plexus-utils\1.4.5\plexus-utils-1.4.5.jar;D:\m2\repository\org\codehaus\plexus\plexus-classworlds\1.2-alpha-9\plexus-classworlds-1.2-alpha-9.jar;D:\m2\repository\junit\junit\3.8.1\junit-3.8.1.jar;D:\m2\repository\com\google\inject\guice\4.2.0\guice-4.2.0.jar;D:\m2\repository\javax\inject\javax.inject\1\javax.inject-1.jar;D:\m2\repository\aopalliance\aopalliance\1.0\aopalliance-1.0.jar;D:\m2\repository\org\uncommons\reportng\1.1.4\reportng-1.1.4.jar;D:\m2\repository\velocity\velocity\1.4\velocity-1.4.jar;D:\m2\repository\velocity\velocity-dep\1.4\velocity-dep-1.4.jar;D:\m2\repository\org\seleniumhq\selenium\selenium-java\3.11.0\selenium-java-3.11.0.jar;D:\m2\repository\org\seleniumhq\selenium\selenium-api\3.11.0\selenium-api-3.11.0.jar;D:\m2\repository\org\seleniumhq\selenium\selenium-edge-driver\3.11.0\selenium-edge-driver-3.11.0.jar;D:\m2\repository\org\seleniumhq\selenium\selenium-ie-driver\3.11.0\selenium-ie-driver-3.11.0.jar;D:\m2\repository\org\seleniumhq\selenium\selenium-opera-driver\3.11.0\selenium-opera-driver-3.11.0.jar;D:\m2\repository\org\seleniumhq\selenium\selenium-remote-driver\3.11.0\selenium-remote-driver-3.11.0.jar;D:\m2\repository\org\seleniumhq\selenium\selenium-support\3.11.0\selenium-support-3.11.0.jar;D:\m2\repository\net\bytebuddy\byte-buddy\1.7.9\byte-buddy-1.7.9.jar;D:\m2\repository\org\apache\commons\commons-exec\1.3\commons-exec-1.3.jar;D:\m2\repository\commons-codec\commons-codec\1.10\commons-codec-1.10.jar;D:\m2\repository\commons-logging\commons-logging\1.2\commons-logging-1.2.jar;D:\m2\repository\com\google\code\gson\gson\2.8.2\gson-2.8.2.jar;D:\m2\repository\org\apache\httpcomponents\httpclient\4.5.3\httpclient-4.5.3.jar;D:\m2\repository\org\apache\httpcomponents\httpcore\4.4.6\httpcore-4.4.6.jar;D:\m2\repository\com\squareup\okhttp3\okhttp\3.9.1\okhttp-3.9.1.jar;D:\m2\repository\com\squareup\okio\okio\1.13.0\okio-1.13.0.jar;D:\m2\repository\org\seleniumhq\selenium\selenium-server\3.11.0\selenium-server-3.11.0.jar;D:\m2\repository\org\apache\commons\commons-lang3\3.7\commons-lang3-3.7.jar;D:\m2\repository\org\apache\commons\commons-text\1.1\commons-text-1.1.jar;D:\m2\repository\commons-io\commons-io\2.6\commons-io-2.6.jar;D:\m2\repository\commons-net\commons-net\3.6\commons-net-3.6.jar;D:\m2\repository\org\w3c\css\sac\1.3\sac-1.3.jar;D:\m2\repository\net\sourceforge\cssparser\cssparser\0.9.24\cssparser-0.9.24.jar;D:\m2\repository\net\sourceforge\htmlunit\htmlunit\2.29\htmlunit-2.29.jar;D:\m2\repository\net\sourceforge\htmlunit\htmlunit-core-js\2.28\htmlunit-core-js-2.28.jar;D:\m2\repository\net\sourceforge\htmlunit\neko-htmlunit\2.28\neko-htmlunit-2.28.jar;D:\m2\repository\org\apache\httpcomponents\httpmime\4.5.3\httpmime-4.5.3.jar;D:\m2\repository\net\jcip\jcip-annotations\1.0\jcip-annotations-1.0.jar;D:\m2\repository\org\seleniumhq\selenium\jetty-repacked\9.4.7.v20171121\jetty-repacked-9.4.7.v20171121.jar;D:\m2\repository\org\eclipse\jetty\jetty-client\9.4.7.v20170914\jetty-client-9.4.7.v20170914.jar;D:\m2\repository\org\eclipse\jetty\jetty-http\9.4.8.v20171121\jetty-http-9.4.8.v20171121.jar;D:\m2\repository\org\eclipse\jetty\jetty-io\9.4.8.v20171121\jetty-io-9.4.8.v20171121.jar;D:\m2\repository\org\eclipse\jetty\jetty-util\9.4.8.v20171121\jetty-util-9.4.8.v20171121.jar;D:\m2\repository\org\eclipse\jetty\jetty-xml\9.4.7.v20170914\jetty-xml-9.4.7.v20170914.jar;D:\m2\repository\org\seleniumhq\selenium\htmlunit-driver\2.29.0\htmlunit-driver-2.29.0.jar;D:\m2\repository\javax\servlet\javax.servlet-api\3.1.0\javax.servlet-api-3.1.0.jar;D:\m2\repository\org\eclipse\jetty\websocket\websocket-api\9.4.7.v20170914\websocket-api-9.4.7.v20170914.jar;D:\m2\repository\org\eclipse\jetty\websocket\websocket-client\9.4.7.v20170914\websocket-client-9.4.7.v20170914.jar;D:\m2\repository\org\eclipse\jetty\websocket\websocket-common\9.4.7.v20170914\websocket-common-9.4.7.v20170914.jar;D:\m2\repository\xalan\serializer\2.7.2\serializer-2.7.2.jar;D:\m2\repository\xalan\xalan\2.7.2\xalan-2.7.2.jar;D:\m2\repository\xerces\xercesImpl\2.11.0\xercesImpl-2.11.0.jar;D:\m2\repository\xml-apis\xml-apis\1.4.01\xml-apis-1.4.01.jar;D:\m2\repository\org\yaml\snakeyaml\1.19\snakeyaml-1.19.jar;D:\m2\repository\org\seleniumhq\selenium\selenium-firefox-driver\3.11.0\selenium-firefox-driver-3.11.0.jar;D:\m2\repository\org\seleniumhq\selenium\selenium-chrome-driver\3.11.0\selenium-chrome-driver-3.11.0.jar;D:\m2\repository\org\seleniumhq\selenium\selenium-htmlunit-driver\2.52.0\selenium-htmlunit-driver-2.52.0.jar;D:\m2\repository\commons-collections\commons-collections\3.2.2\commons-collections-3.2.2.jar;D:\m2\repository\org\seleniumhq\selenium\selenium-safari-driver\3.11.0\selenium-safari-driver-3.11.0.jar;D:\m2\repository\com\google\guava\guava\24.1-jre\guava-24.1-jre.jar;D:\m2\repository\com\google\code\findbugs\jsr305\1.3.9\jsr305-1.3.9.jar;D:\m2\repository\org\checkerframework\checker-compat-qual\2.0.0\checker-compat-qual-2.0.0.jar;D:\m2\repository\com\google\errorprone\error_prone_annotations\2.1.3\error_prone_annotations-2.1.3.jar;D:\m2\repository\com\google\j2objc\j2objc-annotations\1.1\j2objc-annotations-1.1.jar;D:\m2\repository\org\codehaus\mojo\animal-sniffer-annotations\1.14\animal-sniffer-annotations-1.14.jar;D:\m2\repository\org\apache\maven\surefire\surefire-testng-utils\2.21.0\surefire-testng-utils-2.21.0.jar;D:\m2\repository\org\apache\maven\surefire\surefire-grouper\2.21.0\surefire-grouper-2.21.0.jar;"/>
    <property name="java.vm.vendor" value="Oracle Corporation"/>
    <property name="sun.arch.data.model" value="32"/>
    <property name="user.variant" value=""/>
    <property name="java.vendor.url" value="http://java.oracle.com/"/>
    <property name="user.timezone" value=""/>
    <property name="java.vm.specification.version" value="1.8"/>
    <property name="os.name" value="Windows 7"/>
    <property name="user.country" value="CN"/>
    <property name="sun.java.launcher" value="SUN_STANDARD"/>
    <property name="sun.boot.library.path" value="C:\Program Files (x86)\Java\jre1.8.0_131\bin"/>
    <property name="sun.java.command" value="D:\Users\YANGMA~1\AppData\Local\Temp\surefire4497929013128228298\surefirebooter4129397489891359874.jar D:\Users\yangmanyan\AppData\Local\Temp\surefire4497929013128228298 2018-05-07T15-26-18_969-jvmRun1 surefire41204657308125932tmp surefire_05614870680462305967tmp"/>
    <property name="surefire.test.class.path" value="D:\java_workspace\senium-test\target\test-classes;D:\java_workspace\senium-test\target\classes;D:\m2\repository\org\testng\testng\6.13.1\testng-6.13.1.jar;D:\m2\repository\com\beust\jcommander\1.72\jcommander-1.72.jar;D:\m2\repository\org\apache\maven\reporting\maven-reporting-api\2.2.1\maven-reporting-api-2.2.1.jar;D:\m2\repository\org\apache\maven\doxia\doxia-sink-api\1.1\doxia-sink-api-1.1.jar;D:\m2\repository\org\apache\maven\doxia\doxia-logging-api\1.1\doxia-logging-api-1.1.jar;D:\m2\repository\org\codehaus\plexus\plexus-container-default\1.0-alpha-30\plexus-container-default-1.0-alpha-30.jar;D:\m2\repository\org\codehaus\plexus\plexus-utils\1.4.5\plexus-utils-1.4.5.jar;D:\m2\repository\org\codehaus\plexus\plexus-classworlds\1.2-alpha-9\plexus-classworlds-1.2-alpha-9.jar;D:\m2\repository\junit\junit\3.8.1\junit-3.8.1.jar;D:\m2\repository\com\google\inject\guice\4.2.0\guice-4.2.0.jar;D:\m2\repository\javax\inject\javax.inject\1\javax.inject-1.jar;D:\m2\repository\aopalliance\aopalliance\1.0\aopalliance-1.0.jar;D:\m2\repository\org\uncommons\reportng\1.1.4\reportng-1.1.4.jar;D:\m2\repository\velocity\velocity\1.4\velocity-1.4.jar;D:\m2\repository\velocity\velocity-dep\1.4\velocity-dep-1.4.jar;D:\m2\repository\org\seleniumhq\selenium\selenium-java\3.11.0\selenium-java-3.11.0.jar;D:\m2\repository\org\seleniumhq\selenium\selenium-api\3.11.0\selenium-api-3.11.0.jar;D:\m2\repository\org\seleniumhq\selenium\selenium-edge-driver\3.11.0\selenium-edge-driver-3.11.0.jar;D:\m2\repository\org\seleniumhq\selenium\selenium-ie-driver\3.11.0\selenium-ie-driver-3.11.0.jar;D:\m2\repository\org\seleniumhq\selenium\selenium-opera-driver\3.11.0\selenium-opera-driver-3.11.0.jar;D:\m2\repository\org\seleniumhq\selenium\selenium-remote-driver\3.11.0\selenium-remote-driver-3.11.0.jar;D:\m2\repository\org\seleniumhq\selenium\selenium-support\3.11.0\selenium-support-3.11.0.jar;D:\m2\repository\net\bytebuddy\byte-buddy\1.7.9\byte-buddy-1.7.9.jar;D:\m2\repository\org\apache\commons\commons-exec\1.3\commons-exec-1.3.jar;D:\m2\repository\commons-codec\commons-codec\1.10\commons-codec-1.10.jar;D:\m2\repository\commons-logging\commons-logging\1.2\commons-logging-1.2.jar;D:\m2\repository\com\google\code\gson\gson\2.8.2\gson-2.8.2.jar;D:\m2\repository\org\apache\httpcomponents\httpclient\4.5.3\httpclient-4.5.3.jar;D:\m2\repository\org\apache\httpcomponents\httpcore\4.4.6\httpcore-4.4.6.jar;D:\m2\repository\com\squareup\okhttp3\okhttp\3.9.1\okhttp-3.9.1.jar;D:\m2\repository\com\squareup\okio\okio\1.13.0\okio-1.13.0.jar;D:\m2\repository\org\seleniumhq\selenium\selenium-server\3.11.0\selenium-server-3.11.0.jar;D:\m2\repository\org\apache\commons\commons-lang3\3.7\commons-lang3-3.7.jar;D:\m2\repository\org\apache\commons\commons-text\1.1\commons-text-1.1.jar;D:\m2\repository\commons-io\commons-io\2.6\commons-io-2.6.jar;D:\m2\repository\commons-net\commons-net\3.6\commons-net-3.6.jar;D:\m2\repository\org\w3c\css\sac\1.3\sac-1.3.jar;D:\m2\repository\net\sourceforge\cssparser\cssparser\0.9.24\cssparser-0.9.24.jar;D:\m2\repository\net\sourceforge\htmlunit\htmlunit\2.29\htmlunit-2.29.jar;D:\m2\repository\net\sourceforge\htmlunit\htmlunit-core-js\2.28\htmlunit-core-js-2.28.jar;D:\m2\repository\net\sourceforge\htmlunit\neko-htmlunit\2.28\neko-htmlunit-2.28.jar;D:\m2\repository\org\apache\httpcomponents\httpmime\4.5.3\httpmime-4.5.3.jar;D:\m2\repository\net\jcip\jcip-annotations\1.0\jcip-annotations-1.0.jar;D:\m2\repository\org\seleniumhq\selenium\jetty-repacked\9.4.7.v20171121\jetty-repacked-9.4.7.v20171121.jar;D:\m2\repository\org\eclipse\jetty\jetty-client\9.4.7.v20170914\jetty-client-9.4.7.v20170914.jar;D:\m2\repository\org\eclipse\jetty\jetty-http\9.4.8.v20171121\jetty-http-9.4.8.v20171121.jar;D:\m2\repository\org\eclipse\jetty\jetty-io\9.4.8.v20171121\jetty-io-9.4.8.v20171121.jar;D:\m2\repository\org\eclipse\jetty\jetty-util\9.4.8.v20171121\jetty-util-9.4.8.v20171121.jar;D:\m2\repository\org\eclipse\jetty\jetty-xml\9.4.7.v20170914\jetty-xml-9.4.7.v20170914.jar;D:\m2\repository\org\seleniumhq\selenium\htmlunit-driver\2.29.0\htmlunit-driver-2.29.0.jar;D:\m2\repository\javax\servlet\javax.servlet-api\3.1.0\javax.servlet-api-3.1.0.jar;D:\m2\repository\org\eclipse\jetty\websocket\websocket-api\9.4.7.v20170914\websocket-api-9.4.7.v20170914.jar;D:\m2\repository\org\eclipse\jetty\websocket\websocket-client\9.4.7.v20170914\websocket-client-9.4.7.v20170914.jar;D:\m2\repository\org\eclipse\jetty\websocket\websocket-common\9.4.7.v20170914\websocket-common-9.4.7.v20170914.jar;D:\m2\repository\xalan\serializer\2.7.2\serializer-2.7.2.jar;D:\m2\repository\xalan\xalan\2.7.2\xalan-2.7.2.jar;D:\m2\repository\xerces\xercesImpl\2.11.0\xercesImpl-2.11.0.jar;D:\m2\repository\xml-apis\xml-apis\1.4.01\xml-apis-1.4.01.jar;D:\m2\repository\org\yaml\snakeyaml\1.19\snakeyaml-1.19.jar;D:\m2\repository\org\seleniumhq\selenium\selenium-firefox-driver\3.11.0\selenium-firefox-driver-3.11.0.jar;D:\m2\repository\org\seleniumhq\selenium\selenium-chrome-driver\3.11.0\selenium-chrome-driver-3.11.0.jar;D:\m2\repository\org\seleniumhq\selenium\selenium-htmlunit-driver\2.52.0\selenium-htmlunit-driver-2.52.0.jar;D:\m2\repository\commons-collections\commons-collections\3.2.2\commons-collections-3.2.2.jar;D:\m2\repository\org\seleniumhq\selenium\selenium-safari-driver\3.11.0\selenium-safari-driver-3.11.0.jar;D:\m2\repository\com\google\guava\guava\24.1-jre\guava-24.1-jre.jar;D:\m2\repository\com\google\code\findbugs\jsr305\1.3.9\jsr305-1.3.9.jar;D:\m2\repository\org\checkerframework\checker-compat-qual\2.0.0\checker-compat-qual-2.0.0.jar;D:\m2\repository\com\google\errorprone\error_prone_annotations\2.1.3\error_prone_annotations-2.1.3.jar;D:\m2\repository\com\google\j2objc\j2objc-annotations\1.1\j2objc-annotations-1.1.jar;D:\m2\repository\org\codehaus\mojo\animal-sniffer-annotations\1.14\animal-sniffer-annotations-1.14.jar;D:\m2\repository\org\apache\maven\surefire\surefire-testng-utils\2.21.0\surefire-testng-utils-2.21.0.jar;D:\m2\repository\org\apache\maven\surefire\surefire-grouper\2.21.0\surefire-grouper-2.21.0.jar;"/>
    <property name="sun.cpu.endian" value="little"/>
    <property name="user.home" value="D:\Users\yangmanyan"/>
    <property name="user.language" value="zh"/>
    <property name="java.specification.vendor" value="Oracle Corporation"/>
    <property name="java.home" value="C:\Program Files (x86)\Java\jre1.8.0_131"/>
    <property name="basedir" value="D:\java_workspace\senium-test"/>
    <property name="file.separator" value="\"/>
    <property name="line.separator" value="&#10;"/>
    <property name="java.vm.specification.vendor" value="Oracle Corporation"/>
    <property name="java.specification.name" value="Java Platform API Specification"/>
    <property name="java.awt.graphicsenv" value="sun.awt.Win32GraphicsEnvironment"/>
    <property name="surefire.real.class.path" value="D:\Users\YANGMA~1\AppData\Local\Temp\surefire4497929013128228298\surefirebooter4129397489891359874.jar"/>
    <property name="sun.boot.class.path" value="C:\Program Files (x86)\Java\jre1.8.0_131\lib\resources.jar;C:\Program Files (x86)\Java\jre1.8.0_131\lib\rt.jar;C:\Program Files (x86)\Java\jre1.8.0_131\lib\sunrsasign.jar;C:\Program Files (x86)\Java\jre1.8.0_131\lib\jsse.jar;C:\Program Files (x86)\Java\jre1.8.0_131\lib\jce.jar;C:\Program Files (x86)\Java\jre1.8.0_131\lib\charsets.jar;C:\Program Files (x86)\Java\jre1.8.0_131\lib\jfr.jar;C:\Program Files (x86)\Java\jre1.8.0_131\classes"/>
    <property name="user.script" value=""/>
    <property name="sun.management.compiler" value="HotSpot Client Compiler"/>
    <property name="java.runtime.version" value="1.8.0_131-b11"/>
    <property name="user.name" value="yangmanyan"/>
    <property name="path.separator" value=";"/>
    <property name="os.version" value="6.1"/>
    <property name="java.endorsed.dirs" value="C:\Program Files (x86)\Java\jre1.8.0_131\lib\endorsed"/>
    <property name="java.runtime.name" value="Java(TM) SE Runtime Environment"/>
    <property name="file.encoding" value="UTF-8"/>
    <property name="java.vm.name" value="Java HotSpot(TM) Client VM"/>
    <property name="localRepository" value="D:\m2\repository"/>
    <property name="java.vendor.url.bug" value="http://bugreport.sun.com/bugreport/"/>
    <property name="java.io.tmpdir" value="D:\Users\YANGMA~1\AppData\Local\Temp\"/>
    <property name="java.version" value="1.8.0_131"/>
    <property name="user.dir" value="D:\java_workspace\senium-test\target"/>
    <property name="os.arch" value="x86"/>
    <property name="java.vm.specification.name" value="Java Virtual Machine Specification"/>
    <property name="java.awt.printerjob" value="sun.awt.windows.WPrinterJob"/>
    <property name="sun.os.patch.level" value="Service Pack 1"/>
    <property name="java.library.path" value="C:\Program Files (x86)\Java\jre1.8.0_131\bin;C:\Windows\Sun\Java\bin;C:\Windows\system32;C:\Windows;C:/Program Files/Java/jre1.8.0_171/bin/server;C:/Program Files/Java/jre1.8.0_171/bin;C:/Program Files/Java/jre1.8.0_171/lib/amd64;C:\Program Files (x86)\Common Files\Oracle\Java\javapath;C:\ProgramData\Oracle\Java\javapath;C:\Windows\system32;C:\Windows;C:\Windows\System32\Wbem;C:\Windows\System32\WindowsPowerShell\v1.0\;D:\soft\appscan\;D:\java2\jdk1.8.0_144\bin;D:\java2\jdk1.8.0_144\jre\bin;D:\apache-maven-3.5.3\bin;C:\Program Files (x86)\Google\Chrome\Application;C:\Windows\system32;;."/>
    <property name="java.vm.info" value="mixed mode"/>
    <property name="java.vendor" value="Oracle Corporation"/>
    <property name="java.vm.version" value="25.131-b11"/>
    <property name="java.ext.dirs" value="C:\Program Files (x86)\Java\jre1.8.0_131\lib\ext;C:\Windows\Sun\Java\lib\ext"/>
    <property name="sun.io.unicode.encoding" value="UnicodeLittle"/>
    <property name="java.class.version" value="52.0"/>
  </properties>
  <testcase name="f" classname="com.qa.test.seleniumTestDemo" time="12.478">
    <failure message="no such element: Unable to locate element: {&quot;method&quot;:&quot;xpath&quot;,&quot;selector&quot;:&quot;/html/body/div[2]/div/div/div[2]/ul[1]/li[1]&quot;}&#10;  (Session info: chrome=63.0.3239.84)&#10;  (Driver info: chromedriver=2.36.540470 (e522d04694c7ebea4ba8821272dbef4f9b818c91),platform=Windows NT 6.1.7601 SP1 x86_64) (WARNING: The server did not provide any stacktrace information)&#10;Command duration or timeout: 0 milliseconds&#10;For documentation on this error, please visit: http://seleniumhq.org/exceptions/no_such_element.html&#10;Build info: version: &apos;3.11.0&apos;, revision: &apos;e59cfb3&apos;, time: &apos;2018-03-11T20:26:55.152Z&apos;&#10;System info: host: &apos;FTQJK-L5049&apos;, ip: &apos;192.168.217.1&apos;, os.name: &apos;Windows 7&apos;, os.arch: &apos;x86&apos;, os.version: &apos;6.1&apos;, java.version: &apos;1.8.0_131&apos;&#10;Driver info: org.openqa.selenium.chrome.ChromeDriver&#10;Capabilities {acceptInsecureCerts: false, acceptSslCerts: false, applicationCacheEnabled: false, browserConnectionEnabled: false, browserName: chrome, chrome: {chromedriverVersion: 2.36.540470 (e522d04694c7eb..., userDataDir: D:\Users\YANGMA~1\AppData\L...}, cssSelectorsEnabled: true, databaseEnabled: false, handlesAlerts: true, hasTouchScreen: false, javascriptEnabled: true, locationContextEnabled: true, mobileEmulationEnabled: false, nativeEvents: true, networkConnectionEnabled: false, pageLoadStrategy: normal, platform: XP, platformName: XP, rotatable: false, setWindowRect: true, takesHeapSnapshot: true, takesScreenshot: true, unexpectedAlertBehaviour: , unhandledPromptBehavior: , version: 63.0.3239.84, webStorageEnabled: true}&#10;Session ID: c50fbbba9593bcecb00c663343381911&#10;*** Element info: {Using=xpath, value=/html/body/div[2]/div/div/div[2]/ul[1]/li[1]}" type="org.openqa.selenium.NoSuchElementException">org.openqa.selenium.NoSuchElementException: 
no such element: Unable to locate element: {"method":"xpath","selector":"/html/body/div[2]/div/div/div[2]/ul[1]/li[1]"}
  (Session info: chrome=63.0.3239.84)
  (Driver info: chromedriver=2.36.540470 (e522d04694c7ebea4ba8821272dbef4f9b818c91),platform=Windows NT 6.1.7601 SP1 x86_64) (WARNING: The server did not provide any stacktrace information)
Command duration or timeout: 0 milliseconds
For documentation on this error, please visit: http://seleniumhq.org/exceptions/no_such_element.html
Build info: version: '3.11.0', revision: 'e59cfb3', time: '2018-03-11T20:26:55.152Z'
System info: host: 'FTQJK-L5049', ip: '192.168.217.1', os.name: 'Windows 7', os.arch: 'x86', os.version: '6.1', java.version: '1.8.0_131'
Driver info: org.openqa.selenium.chrome.ChromeDriver
Capabilities {acceptInsecureCerts: false, acceptSslCerts: false, applicationCacheEnabled: false, browserConnectionEnabled: false, browserName: chrome, chrome: {chromedriverVersion: 2.36.540470 (e522d04694c7eb..., userDataDir: D:\Users\YANGMA~1\AppData\L...}, cssSelectorsEnabled: true, databaseEnabled: false, handlesAlerts: true, hasTouchScreen: false, javascriptEnabled: true, locationContextEnabled: true, mobileEmulationEnabled: false, nativeEvents: true, networkConnectionEnabled: false, pageLoadStrategy: normal, platform: XP, platformName: XP, rotatable: false, setWindowRect: true, takesHeapSnapshot: true, takesScreenshot: true, unexpectedAlertBehaviour: , unhandledPromptBehavior: , version: 63.0.3239.84, webStorageEnabled: true}
Session ID: c50fbbba9593bcecb00c663343381911
*** Element info: {Using=xpath, value=/html/body/div[2]/div/div/div[2]/ul[1]/li[1]}
	at com.qa.test.seleniumTestDemo.f(seleniumTestDemo.java:31)
</failure>
    <system-err><![CDATA[Starting ChromeDriver 2.36.540470 (e522d04694c7ebea4ba8821272dbef4f9b818c91) on port 29704
Only local connections are allowed.
五月 07, 2018 3:26:29 下午 org.openqa.selenium.remote.ProtocolHandshake createSession
信息: Detected dialect: OSS
]]></system-err>
  </testcase>
</testsuite>