<?xml version="1.0" encoding="UTF-8"?>
<!-- Generated by org.testng.reporters.JUnitReportReporter -->
<testsuite skipped="0" hostname="FTQJK-L5049" name="com.qa.test.seleniumTestDemo" tests="1" failures="0" timestamp="08 五月 2018 06:51:25 GMT" time="551.312" errors="0">
  <testcase name="f" time="551.312" classname="com.qa.test.seleniumTestDemo"/>
</testsuite> <!-- com.qa.test.seleniumTestDemo -->
