<?xml version="1.0" encoding="UTF-8"?>
<!-- Generated by org.testng.reporters.JUnitReportReporter -->
<testsuite skipped="0" hostname="FTQJK-L5049" name="com.test.api.interfaceGuiTest" tests="3" failures="0" timestamp="12 四月 2018 07:19:21 GMT" time="2.295" errors="0">
  <testcase name="api_test" time="2.267" classname="com.test.api.interfaceGuiTest"/>
  <testcase name="api_test" time="0.027" classname="com.test.api.interfaceGuiTest"/>
  <testcase name="testProvider" time="0.001" classname="com.test.api.interfaceGuiTest"/>
</testsuite> <!-- com.test.api.interfaceGuiTest -->
