<?xml version="1.0" encoding="UTF-8"?>
<!-- Generated by org.testng.reporters.JUnitReportReporter -->
<testsuite skipped="0" hostname="FTQJK-L5049" name="findyou.testcase.interface_gui_test" tests="2" failures="0" timestamp="27 三月 2018 09:32:59 GMT" time="1.726" errors="0">
  <testcase name="api_test" time="0.182" classname="findyou.testcase.interface_gui_test"/>
  <testcase name="api_test" time="1.544" classname="findyou.testcase.interface_gui_test"/>
</testsuite> <!-- findyou.testcase.interface_gui_test -->
