<?xml version="1.0" encoding="UTF-8"?>
<!-- Generated by org.testng.reporters.JUnitReportReporter -->
<testsuite skipped="0" hostname="FTQJK-L5049" name="findyou.testcase.NewTest" tests="1" failures="1" timestamp="01 二月 2018 07:30:24 GMT" time="3.633" errors="0">
  <testcase name="api_test" time="3.633" classname="findyou.testcase.NewTest">
    <failure type="java.lang.AssertionError" message="Problem to assert Response and baseline messages: Unparsable JSON string: &lt;!DOCTYPE html PUBLIC &quot;-//W3C//DTD XHTML 1.0 Transitional//EN&quot; &quot;http://www.w3.org/TR/xhtml1/DTD/xhtml1-transitional.dtd&quot;&gt;



&lt;html xmlns=&quot;http://www.w3.org/1999/xhtml&quot;&gt;
&lt;head&gt;
&lt;meta http-equiv=&quot;Content-Type&quot; content=&quot;text/html; charset=utf-8&quot; /&gt;

&lt;title&gt;服务器正忙&lt;/title&gt;
&lt;link href=&quot;https://passport2-stg3.1768.com/passport5/pass-info/css/userNew.css?v=2014121801&quot; rel=&quot;stylesheet&quot; /&gt;
&lt;link href=&quot;https://passport2-stg3.1768.com/passport5/pass-info/css/styleCp.css?v=20160815&quot; type=&quot;text/css&quot; rel=&quot;stylesheet&quot; /&gt;
&lt;script src=&quot;https://passport2-stg3.1768.com/passport5/pass-info/js/jquery/jquery-1.6.2.min.js&quot;&gt;&lt;/script&gt;
&lt;/head&gt;
&lt;body&gt;













&lt;div class=&quot;header&quot;&gt;
	
		&lt;div class=&quot;topBar&quot;&gt;
	    	&lt;div class=&quot;w1000&quot;&gt;
	        	&lt;a href=&quot;http://caipiao.1768.com&quot; target=&quot;_blank&quot; title=&quot;平安彩票&quot;&gt;平安彩票&lt;/a&gt;
	            &lt;a href=&quot;http://game.1768.com&quot; target=&quot;_blank&quot; title=&quot;1768游戏&quot;&gt;1768游戏&lt;/a&gt;
	            &lt;a href=&quot;http://www.pingan.com.cn&quot; target=&quot;_blank&quot; title=&quot;PINGAN&quot;&gt;PINGAN&lt;/a&gt;
	        &lt;/div&gt;
	    &lt;/div&gt;
	
    &lt;div class=&quot;w1000 logo&quot;&gt;
    	&lt;a href=&quot;http://game.1768.com&quot; &gt;&lt;span class=&quot;photo1&quot;&gt;&lt;/span&gt;&lt;/a&gt;
		&lt;a href=&quot;http://caipiao.1768.com&quot;&gt;&lt;span class=&quot;photo2&quot;&gt;&lt;/span&gt;&lt;/a&gt;
		&lt;span class=&quot;photo3&quot;&gt;&lt;/span&gt;
        &lt;!-- 子页面的title值 --&gt;
        &lt;em id=&quot;id_title&quot;&gt;&lt;/em&gt;
    &lt;/div&gt;
    &lt;div class=&quot;borderBg&quot;&gt;&lt;/div&gt;
&lt;/div&gt;
&lt;script type=&quot;text/javascript&quot;&gt;
	$(function(){
		var title = $(&quot;title&quot;).html();
		$(&quot;#id_title&quot;).html(title);
		if (&#039;&#039; !=&#039;&#039;) {
			document.cookie = &quot;3rdlogo=;expires=-1&quot;;
		}
	});
&lt;/script&gt;
&lt;dl class=&quot;pwdXg&quot;&gt;
	&lt;dt class=&quot;pwdZhTitle&quot; style=&quot;background:none;&quot;&gt;&lt;/dt&gt;
    &lt;dd class=&quot;pwdZhCon&quot;&gt;
        &lt;div class=&quot;fwqzmCon&quot;&gt;
        	&lt;span class=&quot;fwqzmConL&quot;&gt;&lt;/span&gt;
            &lt;div class=&quot;fwqzmConR&quot;&gt;
            	&lt;p&gt;
            	
	            	
				   	
		            	服务器繁忙请稍后再试
				   	
			   	
            	&lt;input type=&quot;hidden&quot; value=&quot;0999&quot; /&gt;&lt;/p&gt;
                &lt;a href=&quot;javascript:history.go(-1)&quot;&gt;返回&lt;/a&gt;
            &lt;/div&gt;
        &lt;/div&gt;
	&lt;/dd&gt;
&lt;/dl&gt;
&lt;!DOCTYPE html PUBLIC &quot;-//W3C//DTD XHTML 1.0 Transitional//EN&quot; &quot;http://www.w3.org/TR/xhtml1/DTD/xhtml1-transitional.dtd&quot;&gt;




	&lt;meta http-equiv=&quot;Content-Type&quot; content=&quot;text/html; charset=utf-8&quot; /&gt;
	&lt;div class=&quot;footer&quot;&gt;
		&lt;p&gt;版权所有 &amp;copy; 上海友玩网络科技有限公司 未经许可不得复制、转载或摘编，违者必究!&lt;/p&gt;
	    &lt;p&gt;Copyright &amp;copy; Shanghai YOUWAN Science &amp; Technology Co., Ltd. All Rights Reserved&lt;/p&gt;
	    &lt;p class=&quot;pdt5 pdr30&quot;&gt; 
	    	&lt;a href=&quot;http://www.sznet110.gov.cn/index.jsp&quot; target=&quot;_blank&quot;&gt;&lt;img width=&quot;16&quot; height=&quot;23&quot; border=&quot;0&quot; alt=&quot;&quot; src=&quot;data:image/png;base64,R0lGODlhEAAXAMQXAP+ZmTMzZmZmmWYzMzMzmf8zM2Zm/zNmmZkzM5kAAMzM/2YAZgAzMwAAZjMzM//M//8AAGZmZpmZmczMzAAAAAAAMwAAmf///wAAAAAAAAAAAAAAAAAAAAAAAAAAAAAAACH5BAEAABcALAAAAAAQABcAAAWX4CWOVwGRKHkCZ4pCEOCmcDyPkbVAVnU3lqDQ4kABhY2KsmIxFC+NKIWyFCmBBNHkslRafaiueFahRCTmS2RGQU/flNSE8ng4IvNtykG3TyYCEjMSdQ9/E2soaQN1FH98KRYNFAxTB3xBKH8SfFOJZBdbARcCFaMkW2sSqxeCCiRxCZ8iCCllDhITq7kRFBZxIr5DwxaCIQA7&quot; /&gt;&lt;/a&gt;
	    	&lt;a href=&quot;http://www.sznet110.gov.cn/webrecord/innernet/Welcome.jsp?bano=440310120110&quot; target=&quot;_blank&quot;&gt;&lt;img width=&quot;15&quot; height=&quot;20&quot; border=&quot;0&quot; alt=&quot;&quot; src=&quot;data:image/png;base64,R0lGODlhDwAUAMQfADGKwZSWwYJ8Z2BdnKJqgMWaocLC2d60sMWRk7SjwaCcw8+uvMfL4sCtCquMqOvRAHJziWhmn2WKr4eDs0pTkjNmo66Hjr9BU4aClEGby7Gwz+a8vO6sCDWu3QdmTP///yH5BAEAAB8ALAAAAAAPABQAAAXEILKNZEkixxdEWOtiUfBt6dA8eP400JxCnKBQaPkcfkMhDjMrMCICSmU6pQggCYslIu1kJN9Mp0IJaDUDMeTChngHCu0k3Vm3vRFNwaKgY9gXBF4UEQQWARRiEhgZEBIdAAN6ThFiABKOlhETBAgGEQAdEmwEjwATBmcTFaKkjxUKARgCGhqgGQSBkBEGBgIeCxMaFACMEgAUGhMWHh4YtcNUAwkTCxDNHp61E9wJChO/2B4WCRoB5gEO4eIeVhYFsxTiIQA7&quot; /&gt;&lt;/a&gt;
	    	&lt;a href=&quot;http://www.miitbeian.gov.cn&quot; target=&quot;_blank&quot;&gt;ICP许可证号 沪B2-20130007 沪网文[2016]0203-103号&lt;/a&gt;
	    &lt;/p&gt;
	&lt;/div&gt;

&lt;script type=&quot;text/javascript&quot;&gt;
    var _hmt = _hmt || [];
    (function() {
        var hm = document.createElement(&quot;script&quot;);
        hm.src = &quot;//hm.baidu.com/hm.js?70e5a3dba732ce8be082655aff6ff1e6&quot;;
        var s = document.getElementsByTagName(&quot;script&quot;)[0];
        s.parentNode.insertBefore(hm, s);
        for (var i = 0, len = document.querySelectorAll(&#039;[otitle]&#039;).length; i &lt; len; i++) {
            document.querySelectorAll(&#039;[otitle]&#039;)[i].addEventListener(&#039;click&#039;, function (evt) {
                var _action = evt.type;
                var _category = evt.currentTarget.getAttribute(&#039;otitle&#039;);
                if (typeof window._hmt !== &#039;undefined&#039;) {
                    window._hmt.push([&#039;_trackEvent&#039;, _category, _action]);
                }
            });
        }
    })();
&lt;/script&gt;
&lt;/body&gt;
&lt;/html&gt;">
      <![CDATA[java.lang.AssertionError: Problem to assert Response and baseline messages: Unparsable JSON string: <!DOCTYPE html PUBLIC "-//W3C//DTD XHTML 1.0 Transitional//EN" "http://www.w3.org/TR/xhtml1/DTD/xhtml1-transitional.dtd"><html xmlns="http://www.w3.org/1999/xhtml"><head><meta http-equiv="Content-Type" content="text/html; charset=utf-8" /><title>服务器正忙</title><link href="https://passport2-stg3.1768.com/passport5/pass-info/css/userNew.css?v=2014121801" rel="stylesheet" /><link href="https://passport2-stg3.1768.com/passport5/pass-info/css/styleCp.css?v=20160815" type="text/css" rel="stylesheet" /><script src="https://passport2-stg3.1768.com/passport5/pass-info/js/jquery/jquery-1.6.2.min.js"></script></head><body><div class="header"><div class="topBar">    <div class="w1000">        <a href="http://caipiao.1768.com" target="_blank" title="平安彩票">平安彩票</a>            <a href="http://game.1768.com" target="_blank" title="1768游戏">1768游戏</a>            <a href="http://www.pingan.com.cn" target="_blank" title="PINGAN">PINGAN</a>        </div>    </div>    <div class="w1000 logo">    <a href="http://game.1768.com" ><span class="photo1"></span></a><a href="http://caipiao.1768.com"><span class="photo2"></span></a><span class="photo3"></span>        <!-- 子页面的title值 -->        <em id="id_title"></em>    </div>    <div class="borderBg"></div></div><script type="text/javascript">$(function(){var title = $("title").html();$("#id_title").html(title);if ('' !='') {document.cookie = "3rdlogo=;expires=-1";}});</script><dl class="pwdXg"><dt class="pwdZhTitle" style="background:none;"></dt>    <dd class="pwdZhCon">        <div class="fwqzmCon">        <span class="fwqzmConL"></span>            <div class="fwqzmConR">            <p>                                       服务器繁忙请稍后再试                  <input type="hidden" value="0999" /></p>                <a href="javascript:history.go(-1)">返回</a>            </div>        </div></dd></dl><!DOCTYPE html PUBLIC "-//W3C//DTD XHTML 1.0 Transitional//EN" "http://www.w3.org/TR/xhtml1/DTD/xhtml1-transitional.dtd"><meta http-equiv="Content-Type" content="text/html; charset=utf-8" /><div class="footer"><p>版权所有 &copy; 上海友玩网络科技有限公司 未经许可不得复制、转载或摘编，违者必究!</p>    <p>Copyright &copy; Shanghai YOUWAN Science & Technology Co., Ltd. All Rights Reserved</p>    <p class="pdt5 pdr30">     <a href="http://www.sznet110.gov.cn/index.jsp" target="_blank"><img width="16" height="23" border="0" alt="" src="data:image/png;base64,R0lGODlhEAAXAMQXAP+ZmTMzZmZmmWYzMzMzmf8zM2Zm/zNmmZkzM5kAAMzM/2YAZgAzMwAAZjMzM//M//8AAGZmZpmZmczMzAAAAAAAMwAAmf///wAAAAAAAAAAAAAAAAAAAAAAAAAAAAAAACH5BAEAABcALAAAAAAQABcAAAWX4CWOVwGRKHkCZ4pCEOCmcDyPkbVAVnU3lqDQ4kABhY2KsmIxFC+NKIWyFCmBBNHkslRafaiueFahRCTmS2RGQU/flNSE8ng4IvNtykG3TyYCEjMSdQ9/E2soaQN1FH98KRYNFAxTB3xBKH8SfFOJZBdbARcCFaMkW2sSqxeCCiRxCZ8iCCllDhITq7kRFBZxIr5DwxaCIQA7" /></a>    <a href="http://www.sznet110.gov.cn/webrecord/innernet/Welcome.jsp?bano=440310120110" target="_blank"><img width="15" height="20" border="0" alt="" src="data:image/png;base64,R0lGODlhDwAUAMQfADGKwZSWwYJ8Z2BdnKJqgMWaocLC2d60sMWRk7SjwaCcw8+uvMfL4sCtCquMqOvRAHJziWhmn2WKr4eDs0pTkjNmo66Hjr9BU4aClEGby7Gwz+a8vO6sCDWu3QdmTP///yH5BAEAAB8ALAAAAAAPABQAAAXEILKNZEkixxdEWOtiUfBt6dA8eP400JxCnKBQaPkcfkMhDjMrMCICSmU6pQggCYslIu1kJN9Mp0IJaDUDMeTChngHCu0k3Vm3vRFNwaKgY9gXBF4UEQQWARRiEhgZEBIdAAN6ThFiABKOlhETBAgGEQAdEmwEjwATBmcTFaKkjxUKARgCGhqgGQSBkBEGBgIeCxMaFACMEgAUGhMWHh4YtcNUAwkTCxDNHp61E9wJChO/2B4WCRoB5gEO4eIeVhYFsxTiIQA7" /></a>    <a href="http://www.miitbeian.gov.cn" target="_blank">ICP许可证号 沪B2-20130007 沪网文[2016]0203-103号</a>    </p></div><script type="text/javascript">    var _hmt = _hmt || [];    (function() {        var hm = document.createElement("script");        hm.src = "//hm.baidu.com/hm.js?70e5a3dba732ce8be082655aff6ff1e6";        var s = document.getElementsByTagName("script")[0];        s.parentNode.insertBefore(hm, s);        for (var i = 0, len = document.querySelectorAll('[otitle]').length; i < len; i++) {            document.querySelectorAll('[otitle]')[i].addEventListener('click', function (evt) {                var _action = evt.type;                var _category = evt.currentTarget.getAttribute('otitle');                if (typeof window._hmt !== 'undefined') {                    window._hmt.push(['_trackEvent', _category, _action]);                }            });        }    })();</script></body></html>at org.testng.AssertJUnit.fail(AssertJUnit.java:59)at findyou.testcase.NewTest.api_test(NewTest.java:185)at sun.reflect.NativeMethodAccessorImpl.invoke0(Native Method)at sun.reflect.NativeMethodAccessorImpl.invoke(Unknown Source)at sun.reflect.DelegatingMethodAccessorImpl.invoke(Unknown Source)at java.lang.reflect.Method.invoke(Unknown Source)at org.testng.internal.MethodInvocationHelper.invokeMethod(MethodInvocationHelper.java:124)at org.testng.internal.Invoker.invokeMethod(Invoker.java:571)at org.testng.internal.Invoker.invokeTestMethod(Invoker.java:707)at org.testng.internal.Invoker.invokeTestMethods(Invoker.java:979)at org.testng.internal.TestMethodWorker.invokeTestMethods(TestMethodWorker.java:125)at org.testng.internal.TestMethodWorker.run(TestMethodWorker.java:109)at org.testng.TestRunner.privateRun(TestRunner.java:648)at org.testng.TestRunner.run(TestRunner.java:505)at org.testng.SuiteRunner.runTest(SuiteRunner.java:455)at org.testng.SuiteRunner.runSequentially(SuiteRunner.java:450)at org.testng.SuiteRunner.privateRun(SuiteRunner.java:415)at org.testng.SuiteRunner.run(SuiteRunner.java:364)at org.testng.SuiteRunnerWorker.runSuite(SuiteRunnerWorker.java:52)at org.testng.SuiteRunnerWorker.run(SuiteRunnerWorker.java:84)at org.testng.TestNG.runSuitesSequentially(TestNG.java:1187)at org.testng.TestNG.runSuitesLocally(TestNG.java:1116)at org.testng.TestNG.runSuites(TestNG.java:1028)at org.testng.TestNG.run(TestNG.java:996)at org.testng.remote.AbstractRemoteTestNG.run(AbstractRemoteTestNG.java:114)at org.testng.remote.RemoteTestNG.initAndRun(RemoteTestNG.java:251)at org.testng.remote.RemoteTestNG.main(RemoteTestNG.java:77)]]>
    </failure>
  </testcase> <!-- api_test -->
</testsuite> <!-- findyou.testcase.NewTest -->
